<?xml version="1.0" encoding="UTF-8" ?>
<testsuite failures="0" time="0.021" errors="0" skipped="0" tests="1" name="br.com.kohen.eventmanager.clarion.ws.AppTest">
  <properties>
    <property name="java.runtime.name" value="Java(TM) SE Runtime Environment"/>
    <property name="sun.boot.library.path" value="/System/Library/Java/JavaVirtualMachines/1.6.0.jdk/Contents/Libraries"/>
    <property name="java.vm.version" value="20.1-b02-383"/>
    <property name="awt.nativeDoubleBuffering" value="true"/>
    <property name="gopherProxySet" value="false"/>
    <property name="mrj.build" value="11A511"/>
    <property name="java.vm.vendor" value="Apple Inc."/>
    <property name="java.vendor.url" value="http://www.apple.com/"/>
    <property name="path.separator" value=":"/>
    <property name="java.vm.name" value="Java HotSpot(TM) 64-Bit Server VM"/>
    <property name="file.encoding.pkg" value="sun.io"/>
    <property name="user.country" value="US"/>
    <property name="sun.java.launcher" value="SUN_STANDARD"/>
    <property name="sun.os.patch.level" value="unknown"/>
    <property name="java.vm.specification.name" value="Java Virtual Machine Specification"/>
    <property name="user.dir" value="/Users/marcelomaicodejesus/workspace_onsite/clarionws/clarion-ws"/>
    <property name="java.runtime.version" value="1.6.0_26-b03-383-11A511"/>
    <property name="java.awt.graphicsenv" value="apple.awt.CGraphicsEnvironment"/>
    <property name="basedir" value="/Users/marcelomaicodejesus/workspace_onsite/clarionws/clarion-ws"/>
    <property name="java.endorsed.dirs" value="/System/Library/Java/JavaVirtualMachines/1.6.0.jdk/Contents/Home/lib/endorsed"/>
    <property name="os.arch" value="x86_64"/>
    <property name="surefire.real.class.path" value="/var/folders/g3/0n1c48015vv5pc0y0nyqsf7c0000gn/T/surefirebooter2093535124589118375.jar"/>
    <property name="java.io.tmpdir" value="/var/folders/g3/0n1c48015vv5pc0y0nyqsf7c0000gn/T/"/>
    <property name="line.separator" value="
"/>
    <property name="java.vm.specification.vendor" value="Sun Microsystems Inc."/>
    <property name="os.name" value="Mac OS X"/>
    <property name="sun.jnu.encoding" value="MacRoman"/>
    <property name="java.library.path" value=".:/Library/Java/Extensions:/System/Library/Java/Extensions:/usr/lib/java"/>
    <property name="surefire.test.class.path" value="/Users/marcelomaicodejesus/workspace_onsite/clarionws/clarion-ws/target/test-classes:/Users/marcelomaicodejesus/workspace_onsite/clarionws/clarion-ws/target/classes:/Users/marcelomaicodejesus/.m2/repository/junit/junit/4.10/junit-4.10.jar:/Users/marcelomaicodejesus/.m2/repository/org/hamcrest/hamcrest-core/1.1/hamcrest-core-1.1.jar:/Users/marcelomaicodejesus/.m2/repository/br/com/kohen/eventmanager/commons/commons/1.0-SNAPSHOT/commons-1.0-SNAPSHOT.jar:/Users/marcelomaicodejesus/.m2/repository/org/mockito/mockito-all/1.9.0/mockito-all-1.9.0.jar:/Users/marcelomaicodejesus/.m2/repository/org/springframework/spring-beans/3.0.5.RELEASE/spring-beans-3.0.5.RELEASE.jar:/Users/marcelomaicodejesus/.m2/repository/org/springframework/spring-core/3.0.5.RELEASE/spring-core-3.0.5.RELEASE.jar:/Users/marcelomaicodejesus/.m2/repository/org/springframework/spring-asm/3.0.5.RELEASE/spring-asm-3.0.5.RELEASE.jar:/Users/marcelomaicodejesus/.m2/repository/commons-logging/commons-logging/1.1.1/commons-logging-1.1.1.jar:/Users/marcelomaicodejesus/.m2/repository/org/springframework/spring-web/3.0.5.RELEASE/spring-web-3.0.5.RELEASE.jar:/Users/marcelomaicodejesus/.m2/repository/aopalliance/aopalliance/1.0/aopalliance-1.0.jar:/Users/marcelomaicodejesus/.m2/repository/org/springframework/spring-context/3.0.5.RELEASE/spring-context-3.0.5.RELEASE.jar:/Users/marcelomaicodejesus/.m2/repository/org/springframework/spring-aop/3.0.5.RELEASE/spring-aop-3.0.5.RELEASE.jar:/Users/marcelomaicodejesus/.m2/repository/org/springframework/spring-expression/3.0.4.RELEASE/spring-expression-3.0.4.RELEASE.jar:/Users/marcelomaicodejesus/.m2/repository/org/springframework/webflow/spring-webflow/2.2.1.RELEASE/spring-webflow-2.2.1.RELEASE.jar:/Users/marcelomaicodejesus/.m2/repository/org/springframework/spring-webmvc/3.0.5.RELEASE/spring-webmvc-3.0.5.RELEASE.jar:/Users/marcelomaicodejesus/.m2/repository/org/springframework/spring-context-support/3.0.5.RELEASE/spring-context-support-3.0.5.RELEASE.jar:/Users/marcelomaicodejesus/.m2/repository/org/springframework/webflow/spring-binding/2.2.1.RELEASE/spring-binding-2.2.1.RELEASE.jar:/Users/marcelomaicodejesus/.m2/repository/org/springframework/webflow/spring-js/2.2.1.RELEASE/spring-js-2.2.1.RELEASE.jar:/Users/marcelomaicodejesus/.m2/repository/org/springframework/webflow/spring-js-resources/2.2.1.RELEASE/spring-js-resources-2.2.1.RELEASE.jar:/Users/marcelomaicodejesus/.m2/repository/org/springframework/spring-tx/3.0.5.RELEASE/spring-tx-3.0.5.RELEASE.jar:/Users/marcelomaicodejesus/.m2/repository/org/hibernate/hibernate-annotations/3.5.0-Final/hibernate-annotations-3.5.0-Final.jar:/Users/marcelomaicodejesus/.m2/repository/org/hibernate/hibernate-core/3.5.0-Final/hibernate-core-3.5.0-Final.jar:/Users/marcelomaicodejesus/.m2/repository/antlr/antlr/2.7.6/antlr-2.7.6.jar:/Users/marcelomaicodejesus/.m2/repository/commons-collections/commons-collections/3.2/commons-collections-3.2.jar:/Users/marcelomaicodejesus/.m2/repository/dom4j/dom4j/1.1/dom4j-1.1.jar:/Users/marcelomaicodejesus/.m2/repository/javax/transaction/jta/1.1/jta-1.1.jar:/Users/marcelomaicodejesus/.m2/repository/org/slf4j/slf4j-api/1.5.8/slf4j-api-1.5.8.jar:/Users/marcelomaicodejesus/.m2/repository/org/hibernate/hibernate-commons-annotations/3.2.0.Final/hibernate-commons-annotations-3.2.0.Final.jar:/Users/marcelomaicodejesus/.m2/repository/org/hibernate/javax/persistence/hibernate-jpa-2.0-api/1.0.0.Final/hibernate-jpa-2.0-api-1.0.0.Final.jar:/Users/marcelomaicodejesus/.m2/repository/org/hibernate/hibernate-search/3.4.0.Final/hibernate-search-3.4.0.Final.jar:/Users/marcelomaicodejesus/.m2/repository/org/hibernate/hibernate-search-analyzers/3.4.0.Final/hibernate-search-analyzers-3.4.0.Final.jar:/Users/marcelomaicodejesus/.m2/repository/org/apache/lucene/lucene-core/3.1.0/lucene-core-3.1.0.jar:/Users/marcelomaicodejesus/.m2/repository/org/apache/lucene/lucene-analyzers/3.1.0/lucene-analyzers-3.1.0.jar:/Users/marcelomaicodejesus/.m2/repository/org/apache/solr/solr-analysis-extras/3.1.0/solr-analysis-extras-3.1.0.jar:/Users/marcelomaicodejesus/.m2/repository/org/apache/solr/solr-core/3.1.0/solr-core-3.1.0.jar:/Users/marcelomaicodejesus/.m2/repository/org/apache/solr/solr-solrj/3.1.0/solr-solrj-3.1.0.jar:/Users/marcelomaicodejesus/.m2/repository/commons-io/commons-io/1.4/commons-io-1.4.jar:/Users/marcelomaicodejesus/.m2/repository/org/apache/lucene/lucene-highlighter/3.1.0/lucene-highlighter-3.1.0.jar:/Users/marcelomaicodejesus/.m2/repository/org/apache/lucene/lucene-memory/3.1.0/lucene-memory-3.1.0.jar:/Users/marcelomaicodejesus/.m2/repository/org/apache/lucene/lucene-misc/3.1.0/lucene-misc-3.1.0.jar:/Users/marcelomaicodejesus/.m2/repository/org/apache/lucene/lucene-spatial/3.1.0/lucene-spatial-3.1.0.jar:/Users/marcelomaicodejesus/.m2/repository/org/apache/lucene/lucene-spellchecker/3.1.0/lucene-spellchecker-3.1.0.jar:/Users/marcelomaicodejesus/.m2/repository/org/apache/solr/solr-commons-csv/3.1.0/solr-commons-csv-3.1.0.jar:/Users/marcelomaicodejesus/.m2/repository/commons-codec/commons-codec/1.4/commons-codec-1.4.jar:/Users/marcelomaicodejesus/.m2/repository/commons-lang/commons-lang/2.2/commons-lang-2.2.jar:/Users/marcelomaicodejesus/.m2/repository/org/apache/lucene/lucene-smartcn/3.1.0/lucene-smartcn-3.1.0.jar:/Users/marcelomaicodejesus/.m2/repository/org/apache/lucene/lucene-stempel/3.1.0/lucene-stempel-3.1.0.jar:/Users/marcelomaicodejesus/.m2/repository/commons-beanutils/commons-beanutils/1.7.0/commons-beanutils-1.7.0.jar:/Users/marcelomaicodejesus/.m2/repository/org/apache/velocity/velocity-tools/2.0/velocity-tools-2.0.jar:/Users/marcelomaicodejesus/.m2/repository/commons-digester/commons-digester/1.8/commons-digester-1.8.jar:/Users/marcelomaicodejesus/.m2/repository/commons-chain/commons-chain/1.1/commons-chain-1.1.jar:/Users/marcelomaicodejesus/.m2/repository/commons-validator/commons-validator/1.3.1/commons-validator-1.3.1.jar:/Users/marcelomaicodejesus/.m2/repository/oro/oro/2.0.8/oro-2.0.8.jar:/Users/marcelomaicodejesus/.m2/repository/sslext/sslext/1.2-0/sslext-1.2-0.jar:/Users/marcelomaicodejesus/.m2/repository/org/apache/struts/struts-core/1.3.8/struts-core-1.3.8.jar:/Users/marcelomaicodejesus/.m2/repository/org/apache/struts/struts-taglib/1.3.8/struts-taglib-1.3.8.jar:/Users/marcelomaicodejesus/.m2/repository/org/apache/struts/struts-tiles/1.3.8/struts-tiles-1.3.8.jar:/Users/marcelomaicodejesus/.m2/repository/org/apache/velocity/velocity/1.6.2/velocity-1.6.2.jar:/Users/marcelomaicodejesus/.m2/repository/org/slf4j/slf4j-log4j12/1.5.6/slf4j-log4j12-1.5.6.jar:/Users/marcelomaicodejesus/.m2/repository/log4j/log4j/1.2.14/log4j-1.2.14.jar:/Users/marcelomaicodejesus/.m2/repository/net/vidageek/mirror/1.6.1/mirror-1.6.1.jar:/Users/marcelomaicodejesus/.m2/repository/org/reflections/reflections/0.9.5/reflections-0.9.5.jar:/Users/marcelomaicodejesus/.m2/repository/com/google/guava/guava/r08/guava-r08.jar:/Users/marcelomaicodejesus/.m2/repository/javassist/javassist/3.12.1.GA/javassist-3.12.1.GA.jar:/Users/marcelomaicodejesus/.m2/repository/org/aspectj/aspectjtools/1.6.11/aspectjtools-1.6.11.jar:/Users/marcelomaicodejesus/.m2/repository/org/aspectj/aspectjweaver/1.6.10/aspectjweaver-1.6.10.jar:/Users/marcelomaicodejesus/.m2/repository/com/googlecode/ehcache-spring-annotations/ehcache-spring-annotations/1.1.3/ehcache-spring-annotations-1.1.3.jar:/Users/marcelomaicodejesus/.m2/repository/net/sf/ehcache/ehcache-core/2.2.0/ehcache-core-2.2.0.jar:"/>
    <property name="java.specification.name" value="Java Platform API Specification"/>
    <property name="java.class.version" value="50.0"/>
    <property name="sun.management.compiler" value="HotSpot 64-Bit Tiered Compilers"/>
    <property name="os.version" value="10.7.2"/>
    <property name="http.nonProxyHosts" value="local|*.local|169.254/16|*.169.254/16"/>
    <property name="user.home" value="/Users/marcelomaicodejesus"/>
    <property name="user.timezone" value=""/>
    <property name="java.awt.printerjob" value="apple.awt.CPrinterJob"/>
    <property name="java.specification.version" value="1.6"/>
    <property name="file.encoding" value="MacRoman"/>
    <property name="user.name" value="marcelomaicodejesus"/>
    <property name="java.class.path" value="/Users/marcelomaicodejesus/workspace_onsite/clarionws/clarion-ws/target/test-classes:/Users/marcelomaicodejesus/workspace_onsite/clarionws/clarion-ws/target/classes:/Users/marcelomaicodejesus/.m2/repository/junit/junit/4.10/junit-4.10.jar:/Users/marcelomaicodejesus/.m2/repository/org/hamcrest/hamcrest-core/1.1/hamcrest-core-1.1.jar:/Users/marcelomaicodejesus/.m2/repository/br/com/kohen/eventmanager/commons/commons/1.0-SNAPSHOT/commons-1.0-SNAPSHOT.jar:/Users/marcelomaicodejesus/.m2/repository/org/mockito/mockito-all/1.9.0/mockito-all-1.9.0.jar:/Users/marcelomaicodejesus/.m2/repository/org/springframework/spring-beans/3.0.5.RELEASE/spring-beans-3.0.5.RELEASE.jar:/Users/marcelomaicodejesus/.m2/repository/org/springframework/spring-core/3.0.5.RELEASE/spring-core-3.0.5.RELEASE.jar:/Users/marcelomaicodejesus/.m2/repository/org/springframework/spring-asm/3.0.5.RELEASE/spring-asm-3.0.5.RELEASE.jar:/Users/marcelomaicodejesus/.m2/repository/commons-logging/commons-logging/1.1.1/commons-logging-1.1.1.jar:/Users/marcelomaicodejesus/.m2/repository/org/springframework/spring-web/3.0.5.RELEASE/spring-web-3.0.5.RELEASE.jar:/Users/marcelomaicodejesus/.m2/repository/aopalliance/aopalliance/1.0/aopalliance-1.0.jar:/Users/marcelomaicodejesus/.m2/repository/org/springframework/spring-context/3.0.5.RELEASE/spring-context-3.0.5.RELEASE.jar:/Users/marcelomaicodejesus/.m2/repository/org/springframework/spring-aop/3.0.5.RELEASE/spring-aop-3.0.5.RELEASE.jar:/Users/marcelomaicodejesus/.m2/repository/org/springframework/spring-expression/3.0.4.RELEASE/spring-expression-3.0.4.RELEASE.jar:/Users/marcelomaicodejesus/.m2/repository/org/springframework/webflow/spring-webflow/2.2.1.RELEASE/spring-webflow-2.2.1.RELEASE.jar:/Users/marcelomaicodejesus/.m2/repository/org/springframework/spring-webmvc/3.0.5.RELEASE/spring-webmvc-3.0.5.RELEASE.jar:/Users/marcelomaicodejesus/.m2/repository/org/springframework/spring-context-support/3.0.5.RELEASE/spring-context-support-3.0.5.RELEASE.jar:/Users/marcelomaicodejesus/.m2/repository/org/springframework/webflow/spring-binding/2.2.1.RELEASE/spring-binding-2.2.1.RELEASE.jar:/Users/marcelomaicodejesus/.m2/repository/org/springframework/webflow/spring-js/2.2.1.RELEASE/spring-js-2.2.1.RELEASE.jar:/Users/marcelomaicodejesus/.m2/repository/org/springframework/webflow/spring-js-resources/2.2.1.RELEASE/spring-js-resources-2.2.1.RELEASE.jar:/Users/marcelomaicodejesus/.m2/repository/org/springframework/spring-tx/3.0.5.RELEASE/spring-tx-3.0.5.RELEASE.jar:/Users/marcelomaicodejesus/.m2/repository/org/hibernate/hibernate-annotations/3.5.0-Final/hibernate-annotations-3.5.0-Final.jar:/Users/marcelomaicodejesus/.m2/repository/org/hibernate/hibernate-core/3.5.0-Final/hibernate-core-3.5.0-Final.jar:/Users/marcelomaicodejesus/.m2/repository/antlr/antlr/2.7.6/antlr-2.7.6.jar:/Users/marcelomaicodejesus/.m2/repository/commons-collections/commons-collections/3.2/commons-collections-3.2.jar:/Users/marcelomaicodejesus/.m2/repository/dom4j/dom4j/1.1/dom4j-1.1.jar:/Users/marcelomaicodejesus/.m2/repository/javax/transaction/jta/1.1/jta-1.1.jar:/Users/marcelomaicodejesus/.m2/repository/org/slf4j/slf4j-api/1.5.8/slf4j-api-1.5.8.jar:/Users/marcelomaicodejesus/.m2/repository/org/hibernate/hibernate-commons-annotations/3.2.0.Final/hibernate-commons-annotations-3.2.0.Final.jar:/Users/marcelomaicodejesus/.m2/repository/org/hibernate/javax/persistence/hibernate-jpa-2.0-api/1.0.0.Final/hibernate-jpa-2.0-api-1.0.0.Final.jar:/Users/marcelomaicodejesus/.m2/repository/org/hibernate/hibernate-search/3.4.0.Final/hibernate-search-3.4.0.Final.jar:/Users/marcelomaicodejesus/.m2/repository/org/hibernate/hibernate-search-analyzers/3.4.0.Final/hibernate-search-analyzers-3.4.0.Final.jar:/Users/marcelomaicodejesus/.m2/repository/org/apache/lucene/lucene-core/3.1.0/lucene-core-3.1.0.jar:/Users/marcelomaicodejesus/.m2/repository/org/apache/lucene/lucene-analyzers/3.1.0/lucene-analyzers-3.1.0.jar:/Users/marcelomaicodejesus/.m2/repository/org/apache/solr/solr-analysis-extras/3.1.0/solr-analysis-extras-3.1.0.jar:/Users/marcelomaicodejesus/.m2/repository/org/apache/solr/solr-core/3.1.0/solr-core-3.1.0.jar:/Users/marcelomaicodejesus/.m2/repository/org/apache/solr/solr-solrj/3.1.0/solr-solrj-3.1.0.jar:/Users/marcelomaicodejesus/.m2/repository/commons-io/commons-io/1.4/commons-io-1.4.jar:/Users/marcelomaicodejesus/.m2/repository/org/apache/lucene/lucene-highlighter/3.1.0/lucene-highlighter-3.1.0.jar:/Users/marcelomaicodejesus/.m2/repository/org/apache/lucene/lucene-memory/3.1.0/lucene-memory-3.1.0.jar:/Users/marcelomaicodejesus/.m2/repository/org/apache/lucene/lucene-misc/3.1.0/lucene-misc-3.1.0.jar:/Users/marcelomaicodejesus/.m2/repository/org/apache/lucene/lucene-spatial/3.1.0/lucene-spatial-3.1.0.jar:/Users/marcelomaicodejesus/.m2/repository/org/apache/lucene/lucene-spellchecker/3.1.0/lucene-spellchecker-3.1.0.jar:/Users/marcelomaicodejesus/.m2/repository/org/apache/solr/solr-commons-csv/3.1.0/solr-commons-csv-3.1.0.jar:/Users/marcelomaicodejesus/.m2/repository/commons-codec/commons-codec/1.4/commons-codec-1.4.jar:/Users/marcelomaicodejesus/.m2/repository/commons-lang/commons-lang/2.2/commons-lang-2.2.jar:/Users/marcelomaicodejesus/.m2/repository/org/apache/lucene/lucene-smartcn/3.1.0/lucene-smartcn-3.1.0.jar:/Users/marcelomaicodejesus/.m2/repository/org/apache/lucene/lucene-stempel/3.1.0/lucene-stempel-3.1.0.jar:/Users/marcelomaicodejesus/.m2/repository/commons-beanutils/commons-beanutils/1.7.0/commons-beanutils-1.7.0.jar:/Users/marcelomaicodejesus/.m2/repository/org/apache/velocity/velocity-tools/2.0/velocity-tools-2.0.jar:/Users/marcelomaicodejesus/.m2/repository/commons-digester/commons-digester/1.8/commons-digester-1.8.jar:/Users/marcelomaicodejesus/.m2/repository/commons-chain/commons-chain/1.1/commons-chain-1.1.jar:/Users/marcelomaicodejesus/.m2/repository/commons-validator/commons-validator/1.3.1/commons-validator-1.3.1.jar:/Users/marcelomaicodejesus/.m2/repository/oro/oro/2.0.8/oro-2.0.8.jar:/Users/marcelomaicodejesus/.m2/repository/sslext/sslext/1.2-0/sslext-1.2-0.jar:/Users/marcelomaicodejesus/.m2/repository/org/apache/struts/struts-core/1.3.8/struts-core-1.3.8.jar:/Users/marcelomaicodejesus/.m2/repository/org/apache/struts/struts-taglib/1.3.8/struts-taglib-1.3.8.jar:/Users/marcelomaicodejesus/.m2/repository/org/apache/struts/struts-tiles/1.3.8/struts-tiles-1.3.8.jar:/Users/marcelomaicodejesus/.m2/repository/org/apache/velocity/velocity/1.6.2/velocity-1.6.2.jar:/Users/marcelomaicodejesus/.m2/repository/org/slf4j/slf4j-log4j12/1.5.6/slf4j-log4j12-1.5.6.jar:/Users/marcelomaicodejesus/.m2/repository/log4j/log4j/1.2.14/log4j-1.2.14.jar:/Users/marcelomaicodejesus/.m2/repository/net/vidageek/mirror/1.6.1/mirror-1.6.1.jar:/Users/marcelomaicodejesus/.m2/repository/org/reflections/reflections/0.9.5/reflections-0.9.5.jar:/Users/marcelomaicodejesus/.m2/repository/com/google/guava/guava/r08/guava-r08.jar:/Users/marcelomaicodejesus/.m2/repository/javassist/javassist/3.12.1.GA/javassist-3.12.1.GA.jar:/Users/marcelomaicodejesus/.m2/repository/org/aspectj/aspectjtools/1.6.11/aspectjtools-1.6.11.jar:/Users/marcelomaicodejesus/.m2/repository/org/aspectj/aspectjweaver/1.6.10/aspectjweaver-1.6.10.jar:/Users/marcelomaicodejesus/.m2/repository/com/googlecode/ehcache-spring-annotations/ehcache-spring-annotations/1.1.3/ehcache-spring-annotations-1.1.3.jar:/Users/marcelomaicodejesus/.m2/repository/net/sf/ehcache/ehcache-core/2.2.0/ehcache-core-2.2.0.jar:"/>
    <property name="java.vm.specification.version" value="1.0"/>
    <property name="sun.arch.data.model" value="64"/>
    <property name="java.home" value="/System/Library/Java/JavaVirtualMachines/1.6.0.jdk/Contents/Home"/>
    <property name="sun.java.command" value="/var/folders/g3/0n1c48015vv5pc0y0nyqsf7c0000gn/T/surefirebooter2093535124589118375.jar /var/folders/g3/0n1c48015vv5pc0y0nyqsf7c0000gn/T/surefire7108093033313299531tmp /var/folders/g3/0n1c48015vv5pc0y0nyqsf7c0000gn/T/surefire1433787739066872896tmp"/>
    <property name="java.specification.vendor" value="Sun Microsystems Inc."/>
    <property name="user.language" value="en"/>
    <property name="awt.toolkit" value="apple.awt.CToolkit"/>
    <property name="java.vm.info" value="mixed mode"/>
    <property name="java.version" value="1.6.0_26"/>
    <property name="java.ext.dirs" value="/Library/Java/Extensions:/System/Library/Java/Extensions:/System/Library/Java/JavaVirtualMachines/1.6.0.jdk/Contents/Home/lib/ext"/>
    <property name="sun.boot.class.path" value="/System/Library/Java/JavaVirtualMachines/1.6.0.jdk/Contents/Classes/jsfd.jar:/System/Library/Java/JavaVirtualMachines/1.6.0.jdk/Contents/Classes/classes.jar:/System/Library/Frameworks/JavaVM.framework/Frameworks/JavaRuntimeSupport.framework/Resources/Java/JavaRuntimeSupport.jar:/System/Library/Java/JavaVirtualMachines/1.6.0.jdk/Contents/Classes/ui.jar:/System/Library/Java/JavaVirtualMachines/1.6.0.jdk/Contents/Classes/laf.jar:/System/Library/Java/JavaVirtualMachines/1.6.0.jdk/Contents/Classes/sunrsasign.jar:/System/Library/Java/JavaVirtualMachines/1.6.0.jdk/Contents/Classes/jsse.jar:/System/Library/Java/JavaVirtualMachines/1.6.0.jdk/Contents/Classes/jce.jar:/System/Library/Java/JavaVirtualMachines/1.6.0.jdk/Contents/Classes/charsets.jar"/>
    <property name="java.vendor" value="Apple Inc."/>
    <property name="localRepository" value="/Users/marcelomaicodejesus/.m2/repository"/>
    <property name="file.separator" value="/"/>
    <property name="java.vendor.url.bug" value="http://bugreport.apple.com/"/>
    <property name="sun.cpu.endian" value="little"/>
    <property name="sun.io.unicode.encoding" value="UnicodeLittle"/>
    <property name="mrj.version" value="1070.1.6.0_26-383"/>
    <property name="socksNonProxyHosts" value="local|*.local|169.254/16|*.169.254/16"/>
    <property name="ftp.nonProxyHosts" value="local|*.local|169.254/16|*.169.254/16"/>
    <property name="sun.cpu.isalist" value=""/>
  </properties>
  <testcase time="0.003" classname="br.com.kohen.eventmanager.clarion.ws.AppTest" name="testApp"/>
</testsuite>